<?xml version="1.0" encoding="UTF-8"?>
<!-- Generated by org.testng.reporters.JUnitReportReporter -->
<testsuite hostname="LAPTOP-ABRU889D" failures="0" tests="1" name="pack1.Actiondemo" time="7.541" errors="0" timestamp="2022-10-13T18:23:50 IST" skipped="0">
  <testcase classname="pack1.Actiondemo" name="Actiontime" time="7.541"/>
  <system-out/>
</testsuite> <!-- pack1.Actiondemo -->
