<?xml version="1.0" encoding="UTF-8"?>
<!-- Generated by org.testng.reporters.JUnitReportReporter -->
<testsuite hostname="LAPTOP-ABRU889D" failures="0" tests="1" name="pack1.Logintest" time="6.666" errors="0" timestamp="2022-10-06T08:47:23 IST" skipped="0">
  <testcase classname="pack1.Logintest" name="BrowserStart" time="6.666"/>
  <system-out/>
</testsuite> <!-- pack1.Logintest -->
